    ======  ======
    Time:08-Aug-17 5:51:34 PM
    Title: Initiate log
    Message: 
    Time:08-Aug-17 5:51:34 PM
    Title: Initiate InternalManager
    Message: Trying to Validate License
    Time:08-Aug-17 5:51:34 PM
    Title: Requesting EVT
    Message: EVTP
    Time:08-Aug-17 5:51:34 PM
    Title: Requesting Validation
    Message: ILMValidate
    Time:08-Aug-17 5:51:34 PM
    Title: Requesting Validation
    Message: ILMValidate True
    Time:08-Aug-17 5:51:34 PM
    Title: Requesting Validation
    Message: ILMValidate True NotTrial
    Uncategorized: Orchestrator._iUIProject_ProjectOpened() : Project 'MyGitProject' Opened.
    Uncategorized: Orchestrator.set_SelectedProject() : Active Project is : 'MyGitProject'
    Error: CodeService.CreateLanguageDataHelper() : EXCEPTION! (see below)
     Situation: Error loading Assembly cache
     Outer Exception Type: System.NullReferenceException
     Message: Object reference not set to an instance of an object.
     HRESULT: 0x80004003 (Official ID (if app.) = E_POINTER, Error Bit = FAILED, Facility = FACILITY_NULL, Code = 16387)
     Call Stack:
          at ArtOfTest.WebAii.Design.CodeGeneration.CodeService.CreateLanguageDataHelper(Object sender, DoWorkEventArgs e)

    TestStudio: <>c__DisplayClass35_1.<LoadInternal>b__2() : Extract elements time: 00:00:00.0558004
    TestStudio: <>c__DisplayClass35_1.<LoadInternal>b__2() : Merge elements time: 00:00:00.0880768
    TestStudio: <>c__DisplayClass35_1.<LoadInternal>b__2() : Total Elements count: 1
    TestStudio: ElementsExplorerViewModel.SyncNodes() : Added 2 visual elements in the Elements Explorer tree.
gorized: Orchestrator._iUIProject_TestSelected() : Test '$WebTest' selected.
    Framework: Manager.get_ActiveBrowser() : The current ActiveBrowser is either invisible or disconnected.
    Framework: Manager.get_ActiveBrowser() : The current ActiveBrowser is either invisible or disconnected.
    Framework: Manager.get_ActiveBrowser() : The current ActiveBrowser is either invisible or disconnected.
    Warning: PipeCommunication.SyncPipeRead() : Pipe was already disposed at the moment of the read attempt.
    Framework: BrowserProvisioner.EndService() : Connecting to the provisioning pipe "Pipe.ArtOfTest.WebAii.BrowserProvisioner_-2063013371" in order to unblock and eventually terminate it...
    TestStudio: <>c__DisplayClass1_0.<TrackProject>b__3() : EQAT json steps read time: 00:00:00.0067730
    Framework: BrowserProvisioner.ServiceThread() : A new client has connected to the provisioning pipe but this will be treated as a termination cue.
    Framework: BrowserProvisioner.EndService() : Provisioning pipe connected.
    Framework: BrowserProvisioner.EndService() : Provisioning thread terminated.
    DialogPlayback: DialogMonitor.Stop() : Dialog monitoring is being halted.
    UIAutomation: AutomationExtensions.AddAutomationEventHandler() : Added a(n) WindowPatternIdentifiers.WindowOpenedProperty handler on element System.Windows.Automation.AutomationElement scope Descendants.
    Framework: BrowserProvisioner.EndService() : Connecting to the provisioning pipe "Pipe.ArtOfTest.WebAii.BrowserProvisioner_1209150650" in order to unblock and eventually terminate it...
    Framework: BrowserProvisioner.EndService() : Provisioning pipe connected.
    Framework: BrowserProvisioner.ServiceThread() : A new client has connected to the provisioning pipe but this will be treated as a termination cue.
    Framework: BrowserProvisioner.EndService() : Provisioning thread terminated.
    DialogPlayback: DialogMonitor.Stop() : Dialog monitoring is being halted.
    UIAutomation: AutomationExtensions.AddAutomationEventHandler() : Added a(n) WindowPatternIdentifiers.WindowOpenedProperty handler on element System.Windows.Automation.AutomationElement scope Descendants.
